<?xml version="1.0" encoding="UTF-8"?>
<!-- Generated by org.testng.reporters.JUnitXMLReporter -->
<testsuite hostname="Selenium1" ignored="0" name="Default test" tests="3" failures="0" timestamp="15 Feb 2021 13:35:55 GMT" time="117.632" errors="0">
  <testcase name="a_HomepageNavigation" time="12.139" classname="AssessFlowtestcases.DeleteCompany"/>
  <testcase name="b_LoginAssess" time="38.867" classname="AssessFlowtestcases.DeleteCompany"/>
  <testcase name="c_delete" time="66.573" classname="AssessFlowtestcases.DeleteCompany"/>
</testsuite> <!-- Default test -->
