<?xml version="1.0" encoding="UTF-8"?>
<!-- Generated by org.testng.reporters.JUnitXMLReporter -->
<testsuite hostname="Selenium1" ignored="0" name="AddPerson3" tests="5" failures="0" timestamp="23 Feb 2021 11:04:51 GMT" time="82.876" errors="0">
  <testcase name="a_HomepageNavigation" time="2.78" classname="AssessFlowtestcases.AddPersonManually3"/>
  <testcase name="b_LoginAssess" time="5.253" classname="AssessFlowtestcases.AddPersonManually3"/>
  <testcase name="c_AddPerson_three" time="43.256" classname="AssessFlowtestcases.AddPersonManually3"/>
  <testcase name="d_mailClick" time="8.003" classname="AssessFlowtestcases.AddPersonManually3"/>
  <testcase name="e_AssessMailClick" time="23.571" classname="AssessFlowtestcases.AddPersonManually3"/>
</testsuite> <!-- AddPerson3 -->
