<?xml version="1.0" encoding="UTF-8"?>
<!-- Generated by org.testng.reporters.JUnitXMLReporter -->
<testsuite hostname="Selenium1" ignored="0" name="AddPerson2" tests="5" failures="0" timestamp="23 Feb 2021 11:03:28 GMT" time="73.963" errors="0">
  <testcase name="a_HomepageNavigation" time="2.992" classname="AssessFlowtestcases.AddPersonManually2"/>
  <testcase name="b_LoginAssess" time="4.979" classname="AssessFlowtestcases.AddPersonManually2"/>
  <testcase name="c_AddPerson_two" time="31.948" classname="AssessFlowtestcases.AddPersonManually2"/>
  <testcase name="d_mailClick" time="7.956" classname="AssessFlowtestcases.AddPersonManually2"/>
  <testcase name="e_AssessMailClick" time="26.078" classname="AssessFlowtestcases.AddPersonManually2"/>
</testsuite> <!-- AddPerson2 -->
