<?xml version="1.0" encoding="UTF-8"?>
<!-- Generated by org.testng.reporters.JUnitXMLReporter -->
<testsuite hostname="Selenium1" ignored="0" name="AddPerson" tests="5" failures="0" timestamp="23 Feb 2021 11:02:14 GMT" time="71.322" errors="0">
  <testcase name="a_HomepageNavigation" time="4.925" classname="AssessFlowtestcases.AddPersonManually"/>
  <testcase name="b_LoginAssess" time="5.3" classname="AssessFlowtestcases.AddPersonManually"/>
  <testcase name="c_AddPerson" time="31.545" classname="AssessFlowtestcases.AddPersonManually"/>
  <testcase name="d_mailClick" time="7.94" classname="AssessFlowtestcases.AddPersonManually"/>
  <testcase name="e_AssessMailClick" time="21.606" classname="AssessFlowtestcases.AddPersonManually"/>
</testsuite> <!-- AddPerson -->
