<?xml version="1.0" encoding="UTF-8"?>
<!-- Generated by org.testng.reporters.JUnitXMLReporter -->
<testsuite hostname="Selenium1" ignored="0" name="APIIntegration" tests="7" failures="0" timestamp="23 Feb 2021 11:09:57 GMT" time="95.151" errors="0">
  <testcase name="a_HomepageNavigation" time="5.046" classname="AssessFlowtestcases.APIIntegration"/>
  <testcase name="b_LoginAssess" time="6.269" classname="AssessFlowtestcases.APIIntegration"/>
  <testcase name="c_APIIntegration" time="41.723" classname="AssessFlowtestcases.APIIntegration"/>
  <testcase name="d_AddPerson" time="12.921" classname="AssessFlowtestcases.APIIntegration"/>
  <testcase name="e_UpdatePerson" time="12.861" classname="AssessFlowtestcases.APIIntegration"/>
  <testcase name="f_getPerson" time="6.954" classname="AssessFlowtestcases.APIIntegration"/>
  <testcase name="g_deletePerson" time="9.377" classname="AssessFlowtestcases.APIIntegration"/>
</testsuite> <!-- APIIntegration -->
