<?xml version="1.0" encoding="UTF-8"?>
<!-- Generated by org.testng.reporters.JUnitXMLReporter -->
<testsuite hostname="Selenium1" ignored="0" name="completeEvaluation" tests="4" failures="0" timestamp="23 Feb 2021 11:11:23 GMT" time="41.458" errors="0">
  <testcase name="a_HomepageNavigation" time="1.644" classname="AssessFlowtestcases.CompleteAnEvaluation"/>
  <testcase name="b_mailClick" time="13.624" classname="AssessFlowtestcases.CompleteAnEvaluation"/>
  <testcase name="c_AssessMailClick" time="15.266" classname="AssessFlowtestcases.CompleteAnEvaluation"/>
  <testcase name="d_Evaluation" time="10.919" classname="AssessFlowtestcases.CompleteAnEvaluation"/>
</testsuite> <!-- completeEvaluation -->
