<?xml version="1.0" encoding="UTF-8"?>
<!-- Generated by org.testng.reporters.JUnitXMLReporter -->
<testsuite hostname="Selenium1" ignored="0" name="continuousFeedback" tests="4" failures="0" timestamp="23 Feb 2021 11:11:58 GMT" time="35.76" errors="0">
  <testcase name="a_HomepageNavigation" time="3.476" classname="AssessFlowtestcases.continuousFeedback"/>
  <testcase name="b_LoginAssess" time="6.292" classname="AssessFlowtestcases.continuousFeedback"/>
  <testcase name="c_ContinuousFeedbackPage" time="19.071" classname="AssessFlowtestcases.continuousFeedback"/>
  <testcase name="d_Evaluation" time="6.914" classname="AssessFlowtestcases.continuousFeedback"/>
</testsuite> <!-- continuousFeedback -->
