<?xml version="1.0" encoding="UTF-8"?>
<!-- Generated by org.testng.reporters.JUnitXMLReporter -->
<testsuite hostname="Selenium1" ignored="0" name="Delete" tests="3" failures="0" timestamp="23 Feb 2021 11:12:43 GMT" time="44.906" errors="0">
  <testcase name="a_HomepageNavigation" time="4.948" classname="AssessFlowtestcases.DeleteCompany"/>
  <testcase name="b_LoginAssess" time="5.891" classname="AssessFlowtestcases.DeleteCompany"/>
  <testcase name="c_delete" time="34.059" classname="AssessFlowtestcases.DeleteCompany"/>
</testsuite> <!-- Delete -->
