<?xml version="1.0" encoding="UTF-8"?>
<!-- Generated by org.testng.reporters.JUnitXMLReporter -->
<testsuite hostname="Selenium1" ignored="0" name="GSuite" tests="3" failures="0" timestamp="23 Feb 2021 11:06:28 GMT" time="51.328" errors="0">
  <testcase name="a_HomepageNavigation" time="5.012" classname="AssessFlowtestcases.GSuite"/>
  <testcase name="b_LoginAssess" time="6.673" classname="AssessFlowtestcases.GSuite"/>
  <testcase name="c_GSuiteIntegration" time="39.639" classname="AssessFlowtestcases.GSuite"/>
</testsuite> <!-- GSuite -->
