<?xml version="1.0" encoding="UTF-8"?>
<!-- Generated by org.testng.reporters.JUnitXMLReporter -->
<testsuite hostname="Selenium" ignored="0" name="importCSV" tests="3" failures="0" timestamp="26 Aug 2019 05:56:19 GMT" time="57.355" errors="0">
  <testcase name="a_HomepageNavigation" time="6.799" classname="AssessFlowtestcases.importCSV"/>
  <testcase name="b_LoginAssess" time="8.167" classname="AssessFlowtestcases.importCSV"/>
  <testcase name="c_AddPerson" time="42.382" classname="AssessFlowtestcases.importCSV"/>
</testsuite> <!-- importCSV -->
