<?xml version="1.0" encoding="UTF-8"?>
<!-- Generated by org.testng.reporters.JUnitXMLReporter -->
<testsuite hostname="Selenium1" ignored="0" name="IntegrationWithWrikeflow" tests="4" failures="1" timestamp="21 Jan 2021 10:33:03 GMT" time="45.147" errors="0">
  <testcase name="a_HomepageNavigation" time="6.359" classname="AssessFlowtestcases.IntegrationWithWrikeflow"/>
  <testcase name="b_Wrikelogin" time="19.684" classname="AssessFlowtestcases.IntegrationWithWrikeflow"/>
  <testcase name="c_AssessTeamlogin" time="5.613" classname="AssessFlowtestcases.IntegrationWithWrikeflow"/>
  <testcase name="d_WrikeIntegration" time="13.469" classname="AssessFlowtestcases.IntegrationWithWrikeflow">
    <failure type="org.openqa.selenium.NoSuchElementException" message="Cannot locate an element using xpath=//button[@data-application=&amp;apos;consent-accept&amp;apos;]
For documentation on this error, please visit: https://www.seleniumhq.org/exceptions/no_such_element.html
Build info: version: &amp;apos;3.141.59&amp;apos;, revision: &amp;apos;e82be7d358&amp;apos;, time: &amp;apos;2018-11-14T08:17:03&amp;apos;
System info: host: &amp;apos;Selenium1&amp;apos;, ip: &amp;apos;10.0.1.5&amp;apos;, os.name: &amp;apos;Windows Server 2019&amp;apos;, os.arch: &amp;apos;amd64&amp;apos;, os.version: &amp;apos;10.0&amp;apos;, java.version: &amp;apos;1.8.0_231&amp;apos;
Driver info: driver.version: RemoteWebDriver">
      <![CDATA[org.openqa.selenium.NoSuchElementException: Cannot locate an element using xpath=//button[@data-application='consent-accept']
For documentation on this error, please visit: https://www.seleniumhq.org/exceptions/no_such_element.html
Build info: version: '3.141.59', revision: 'e82be7d358', time: '2018-11-14T08:17:03'
System info: host: 'Selenium1', ip: '10.0.1.5', os.name: 'Windows Server 2019', os.arch: 'amd64', os.version: '10.0', java.version: '1.8.0_231'
Driver info: driver.version: RemoteWebDriver
at org.openqa.selenium.remote.RemoteWebDriver.findElement(RemoteWebDriver.java:327)
at org.openqa.selenium.remote.RemoteWebDriver.findElementByXPath(RemoteWebDriver.java:428)
at org.openqa.selenium.By$ByXPath.findElement(By.java:353)
at org.openqa.selenium.remote.RemoteWebDriver.findElement(RemoteWebDriver.java:315)
at AssessFlowtestcases.IntegrationWithWrikeflow.d_WrikeIntegration(IntegrationWithWrikeflow.java:144)
... Removed 25 stack frames]]>
    </failure>
  </testcase> <!-- d_WrikeIntegration -->
</testsuite> <!-- IntegrationWithWrikeflow -->
