<?xml version="1.0" encoding="UTF-8"?>
<!-- Generated by org.testng.reporters.JUnitXMLReporter -->
<testsuite hostname="Selenium1" ignored="0" name="IntegrationWithBaseCamp" tests="3" failures="0" timestamp="23 Feb 2021 11:08:22 GMT" time="36.519" errors="0">
  <testcase name="a_HomepageNavigation" time="2.81" classname="AssessFlowtestcases.IntegrationWithBaseCamp"/>
  <testcase name="b_LoginAssess" time="4.879" classname="AssessFlowtestcases.IntegrationWithBaseCamp"/>
  <testcase name="c_IntegrationBaseCamp" time="28.829" classname="AssessFlowtestcases.IntegrationWithBaseCamp"/>
</testsuite> <!-- IntegrationWithBaseCamp -->
