<?xml version="1.0" encoding="UTF-8"?>
<!-- Generated by org.testng.reporters.JUnitXMLReporter -->
<testsuite hostname="Selenium1" ignored="0" name="IntegrationWithWrike" tests="3" failures="0" timestamp="22 Nov 2019 05:11:26 GMT" time="51.163" errors="0">
  <testcase name="a_HomepageNavigation" time="4.264" classname="AssessFlowtestcases.IntegrationWithWrike"/>
  <testcase name="b_LoginAssess" time="4.425" classname="AssessFlowtestcases.IntegrationWithWrike"/>
  <testcase name="c_GSuiteIntegration" time="42.462" classname="AssessFlowtestcases.IntegrationWithWrike"/>
</testsuite> <!-- IntegrationWithWrike -->
