<?xml version="1.0" encoding="UTF-8"?>
<!-- Generated by org.testng.reporters.JUnitXMLReporter -->
<testsuite hostname="Selenium1" ignored="0" name="JobTitle" tests="3" failures="0" timestamp="28 Feb 2020 10:15:56 GMT" time="36.021" errors="0">
  <testcase name="a_HomepageNavigation" time="7.686" classname="AssessFlowtestcases.JobTitle"/>
  <testcase name="b_LoginAssess" time="6.024" classname="AssessFlowtestcases.JobTitle"/>
  <testcase name="c_JobTitleEnabled" time="22.304" classname="AssessFlowtestcases.JobTitle"/>
</testsuite> <!-- JobTitle -->
