<?xml version="1.0" encoding="UTF-8"?>
<!-- Generated by org.testng.reporters.JUnitXMLReporter -->
<testsuite hostname="Selenium1" ignored="0" name="sendevaluation" tests="3" failures="0" timestamp="23 Feb 2021 11:05:37 GMT" time="45.718" errors="0">
  <testcase name="a_HomepageNavigation" time="2.936" classname="AssessFlowtestcases.SendOutEvaluation"/>
  <testcase name="b_LoginAssess" time="4.827" classname="AssessFlowtestcases.SendOutEvaluation"/>
  <testcase name="d_Evaluation" time="37.954" classname="AssessFlowtestcases.SendOutEvaluation"/>
</testsuite> <!-- sendevaluation -->
