<?xml version="1.0" encoding="UTF-8"?>
<!-- Generated by org.testng.reporters.JUnitXMLReporter -->
<testsuite hostname="Selenium1" ignored="0" name="signUPSequential" tests="4" failures="0" timestamp="23 Feb 2021 11:00:15 GMT" time="51.593" errors="0">
  <testcase name="a_HomepageNavigation" time="4.988" classname="AssessFlowtestcases.signupsequential"/>
  <testcase name="b_signUp" time="14.789" classname="AssessFlowtestcases.signupsequential"/>
  <testcase name="c_mailClick" time="13.7" classname="AssessFlowtestcases.signupsequential"/>
  <testcase name="d_AssessMailClick" time="18.075" classname="AssessFlowtestcases.signupsequential"/>
</testsuite> <!-- signUPSequential -->
