<?xml version="1.0" encoding="UTF-8"?>
<!-- Generated by org.testng.reporters.JUnitXMLReporter -->
<testsuite hostname="Selenium1" ignored="0" name="signUP" tests="4" failures="0" timestamp="01 Oct 2019 13:39:21 GMT" time="77.208" errors="0">
  <testcase name="a_HomepageNavigation" time="6.013" classname="AssessFlowtestcases.signUP"/>
  <testcase name="b_signUp" time="16.429" classname="AssessFlowtestcases.signUP"/>
  <testcase name="c_mailClick" time="16.234" classname="AssessFlowtestcases.signUP"/>
  <testcase name="d_AssessMailClick" time="38.496" classname="AssessFlowtestcases.signUP"/>
</testsuite> <!-- signUP -->
