<?xml version="1.0" encoding="UTF-8"?>
<!-- Generated by org.testng.reporters.JUnitXMLReporter -->
<testsuite hostname="Selenium1" ignored="0" name="ZohoIntegration" tests="3" failures="0" timestamp="23 Feb 2021 11:10:41 GMT" time="44.465" errors="0">
  <testcase name="a_HomepageNavigation" time="5.092" classname="AssessFlowtestcases.ZohoIntegration"/>
  <testcase name="b_LoginAssess" time="6.018" classname="AssessFlowtestcases.ZohoIntegration"/>
  <testcase name="c_ZohoIntegration" time="33.354" classname="AssessFlowtestcases.ZohoIntegration"/>
</testsuite> <!-- ZohoIntegration -->
