<?xml version="1.0" encoding="UTF-8"?>
<!-- Generated by org.testng.reporters.JUnitReportReporter -->
<testsuite skipped="0" hostname="Selenium1" name="AssessFlowtestcases.AddPersonManually3" tests="5" failures="0" timestamp="23 Feb 2021 11:12:44 GMT" time="82.863" errors="0">
  <testcase name="a_HomepageNavigation" time="2.780" classname="AssessFlowtestcases.AddPersonManually3"/>
  <testcase name="b_LoginAssess" time="5.253" classname="AssessFlowtestcases.AddPersonManually3"/>
  <testcase name="c_AddPerson_three" time="43.256" classname="AssessFlowtestcases.AddPersonManually3"/>
  <testcase name="d_mailClick" time="8.003" classname="AssessFlowtestcases.AddPersonManually3"/>
  <testcase name="e_AssessMailClick" time="23.571" classname="AssessFlowtestcases.AddPersonManually3"/>
</testsuite> <!-- AssessFlowtestcases.AddPersonManually3 -->
