<?xml version="1.0" encoding="UTF-8"?>
<!-- Generated by org.testng.reporters.JUnitReportReporter -->
<testsuite skipped="0" hostname="Selenium" name="testcases.Assesslogin" tests="9" failures="0" timestamp="27 Jun 2019 12:32:26 GMT" time="300.116" errors="0">
  <testcase name="a_HomepageNavigation" time="16.530" classname="testcases.Assesslogin"/>
  <testcase name="b_LoginAssess" time="11.689" classname="testcases.Assesslogin"/>
  <testcase name="c_AddPeople" time="41.487" classname="testcases.Assesslogin"/>
  <testcase name="c_AddPeople" time="39.083" classname="testcases.Assesslogin"/>
  <testcase name="c_AddPeople" time="38.344" classname="testcases.Assesslogin"/>
  <testcase name="c_AddPeople" time="36.656" classname="testcases.Assesslogin"/>
  <testcase name="c_AddPeople" time="39.422" classname="testcases.Assesslogin"/>
  <testcase name="c_AddPeople" time="37.892" classname="testcases.Assesslogin"/>
  <testcase name="c_AddPeople" time="39.013" classname="testcases.Assesslogin"/>
</testsuite> <!-- testcases.Assesslogin -->
