<?xml version="1.0" encoding="UTF-8"?>
<!-- Generated by org.testng.reporters.JUnitReportReporter -->
<testsuite skipped="0" hostname="Selenium1" name="testcases.AddNewResultAreaValue" tests="4" failures="0" timestamp="03 Mar 2020 11:33:37 GMT" time="48.469" errors="0">
  <testcase name="a_HomepageNavigation" time="8.287" classname="testcases.AddNewResultAreaValue"/>
  <testcase name="b_LoginAssess" time="9.080" classname="testcases.AddNewResultAreaValue"/>
  <testcase name="c_AddResultAreaValue" time="19.238" classname="testcases.AddNewResultAreaValue"/>
  <testcase name="d_AddPI" time="11.864" classname="testcases.AddNewResultAreaValue"/>
</testsuite> <!-- testcases.AddNewResultAreaValue -->
