<?xml version="1.0" encoding="UTF-8"?>
<!-- Generated by org.testng.reporters.JUnitReportReporter -->
<testsuite skipped="0" hostname="Selenium" name="testcases.datadriven" tests="7" failures="0" timestamp="25 Jun 2019 11:54:20 GMT" time="0.054" errors="0">
  <testcase name="AddVariants" time="0.011" classname="testcases.datadriven"/>
  <testcase name="AddVariants" time="0.018" classname="testcases.datadriven"/>
  <testcase name="AddVariants" time="0.003" classname="testcases.datadriven"/>
  <testcase name="AddVariants" time="0.005" classname="testcases.datadriven"/>
  <testcase name="AddVariants" time="0.003" classname="testcases.datadriven"/>
  <testcase name="AddVariants" time="0.007" classname="testcases.datadriven"/>
  <testcase name="AddVariants" time="0.007" classname="testcases.datadriven"/>
</testsuite> <!-- testcases.datadriven -->
