<?xml version="1.0" encoding="UTF-8"?>
<!-- Generated by org.testng.reporters.JUnitReportReporter -->
<testsuite skipped="0" hostname="Selenium" name="AssessFlowtestcasesWithHotMail.CompleteAnEvaluation" tests="4" failures="0" timestamp="17 Aug 2019 11:13:09 GMT" time="122.852" errors="0">
  <testcase name="a_HomepageNavigation" time="5.070" classname="AssessFlowtestcasesWithHotMail.CompleteAnEvaluation"/>
  <testcase name="b_mailClick" time="31.548" classname="AssessFlowtestcasesWithHotMail.CompleteAnEvaluation"/>
  <testcase name="c_AssessMailClick" time="52.281" classname="AssessFlowtestcasesWithHotMail.CompleteAnEvaluation"/>
  <testcase name="d_Evaluation" time="33.953" classname="AssessFlowtestcasesWithHotMail.CompleteAnEvaluation"/>
</testsuite> <!-- AssessFlowtestcasesWithHotMail.CompleteAnEvaluation -->
