<?xml version="1.0" encoding="UTF-8"?>
<!-- Generated by org.testng.reporters.JUnitReportReporter -->
<testsuite skipped="0" hostname="Selenium" name="testcases.DeleteResultArea" tests="6" failures="0" timestamp="05 Jul 2019 11:08:58 GMT" time="68.717" errors="0">
  <testcase name="a_HomepageNavigation" time="11.646" classname="testcases.DeleteResultArea"/>
  <testcase name="b_LoginAssess" time="12.401" classname="testcases.DeleteResultArea"/>
  <testcase name="c_DeletePerson" time="10.813" classname="testcases.DeleteResultArea"/>
  <testcase name="c_DeletePerson" time="10.907" classname="testcases.DeleteResultArea"/>
  <testcase name="c_DeletePerson" time="11.851" classname="testcases.DeleteResultArea"/>
  <testcase name="c_DeletePerson" time="11.099" classname="testcases.DeleteResultArea"/>
</testsuite> <!-- testcases.DeleteResultArea -->
