<?xml version="1.0" encoding="UTF-8"?>
<!-- Generated by org.testng.reporters.JUnitReportReporter -->
<testsuite skipped="0" hostname="Selenium1" name="AssessFlowtestcases.CompleteAnEvaluation" tests="4" failures="0" timestamp="23 Feb 2021 11:12:44 GMT" time="41.453" errors="0">
  <testcase name="a_HomepageNavigation" time="1.644" classname="AssessFlowtestcases.CompleteAnEvaluation"/>
  <testcase name="b_mailClick" time="13.624" classname="AssessFlowtestcases.CompleteAnEvaluation"/>
  <testcase name="c_AssessMailClick" time="15.266" classname="AssessFlowtestcases.CompleteAnEvaluation"/>
  <testcase name="d_Evaluation" time="10.919" classname="AssessFlowtestcases.CompleteAnEvaluation"/>
</testsuite> <!-- AssessFlowtestcases.CompleteAnEvaluation -->
