<?xml version="1.0" encoding="UTF-8"?>
<!-- Generated by org.testng.reporters.JUnitReportReporter -->
<testsuite skipped="0" hostname="Selenium1" name="AssessFlowtestcases.Office365Integration" tests="3" failures="0" timestamp="23 Feb 2021 11:12:44 GMT" time="77.199" errors="0">
  <testcase name="a_HomepageNavigation" time="4.872" classname="AssessFlowtestcases.Office365Integration"/>
  <testcase name="b_LoginAssess" time="5.289" classname="AssessFlowtestcases.Office365Integration"/>
  <testcase name="c_Office365Integration" time="67.038" classname="AssessFlowtestcases.Office365Integration"/>
</testsuite> <!-- AssessFlowtestcases.Office365Integration -->
