<?xml version="1.0" encoding="UTF-8"?>
<!-- Generated by org.testng.reporters.JUnitReportReporter -->
<testsuite skipped="0" hostname="Selenium1" name="AssessFlowtestcases.signupsequential" tests="4" failures="0" timestamp="23 Feb 2021 11:12:44 GMT" time="51.552" errors="0">
  <testcase name="a_HomepageNavigation" time="4.988" classname="AssessFlowtestcases.signupsequential"/>
  <testcase name="b_signUp" time="14.789" classname="AssessFlowtestcases.signupsequential"/>
  <testcase name="c_mailClick" time="13.700" classname="AssessFlowtestcases.signupsequential"/>
  <testcase name="d_AssessMailClick" time="18.075" classname="AssessFlowtestcases.signupsequential"/>
</testsuite> <!-- AssessFlowtestcases.signupsequential -->
