<?xml version="1.0" encoding="UTF-8"?>
<!-- Generated by org.testng.reporters.JUnitReportReporter -->
<testsuite skipped="0" hostname="Selenium" name="testcases.AddResultAreas" tests="4" failures="0" timestamp="03 Jul 2019 13:38:16 GMT" time="237.957" errors="0">
  <testcase name="a_HomepageNavigation" time="11.338" classname="testcases.AddResultAreas"/>
  <testcase name="b_LoginAssess" time="10.043" classname="testcases.AddResultAreas"/>
  <testcase name="c_AddPeople" time="132.646" classname="testcases.AddResultAreas"/>
  <testcase name="c_AddPeople" time="83.930" classname="testcases.AddResultAreas"/>
</testsuite> <!-- testcases.AddResultAreas -->
