<?xml version="1.0" encoding="UTF-8"?>
<!-- Generated by org.testng.reporters.JUnitReportReporter -->
<testsuite skipped="0" hostname="Selenium" name="testcases.AddResultAreaSeparately" tests="4" failures="0" timestamp="04 Jul 2019 11:39:19 GMT" time="115.973" errors="0">
  <testcase name="a_HomepageNavigation" time="23.858" classname="testcases.AddResultAreaSeparately"/>
  <testcase name="b_LoginAssess" time="14.491" classname="testcases.AddResultAreaSeparately"/>
  <testcase name="c_AddResultArea" time="39.597" classname="testcases.AddResultAreaSeparately"/>
  <testcase name="c_AddResultArea" time="38.027" classname="testcases.AddResultAreaSeparately"/>
</testsuite> <!-- testcases.AddResultAreaSeparately -->
