<?xml version="1.0" encoding="UTF-8"?>
<!-- Generated by org.testng.reporters.JUnitReportReporter -->
<testsuite skipped="0" hostname="Selenium1" name="AssessFlowtestcases.AddPersonManually" tests="5" failures="0" timestamp="23 Feb 2021 11:12:44 GMT" time="71.316" errors="0">
  <testcase name="a_HomepageNavigation" time="4.925" classname="AssessFlowtestcases.AddPersonManually"/>
  <testcase name="b_LoginAssess" time="5.300" classname="AssessFlowtestcases.AddPersonManually"/>
  <testcase name="c_AddPerson" time="31.545" classname="AssessFlowtestcases.AddPersonManually"/>
  <testcase name="d_mailClick" time="7.940" classname="AssessFlowtestcases.AddPersonManually"/>
  <testcase name="e_AssessMailClick" time="21.606" classname="AssessFlowtestcases.AddPersonManually"/>
</testsuite> <!-- AssessFlowtestcases.AddPersonManually -->
