<?xml version="1.0" encoding="UTF-8"?>
<!-- Generated by org.testng.reporters.JUnitReportReporter -->
<testsuite skipped="0" hostname="Selenium" name="AssessFlowtestcasesWithHotMail.AddPersonManually" tests="3" failures="0" timestamp="17 Aug 2019 11:00:35 GMT" time="70.538" errors="0">
  <testcase name="a_HomepageNavigation" time="10.039" classname="AssessFlowtestcasesWithHotMail.AddPersonManually"/>
  <testcase name="d_mailClick" time="18.284" classname="AssessFlowtestcasesWithHotMail.AddPersonManually"/>
  <testcase name="e_AssessMailClick" time="42.215" classname="AssessFlowtestcasesWithHotMail.AddPersonManually"/>
</testsuite> <!-- AssessFlowtestcasesWithHotMail.AddPersonManually -->
