<?xml version="1.0" encoding="UTF-8"?>
<!-- Generated by org.testng.reporters.JUnitReportReporter -->
<testsuite skipped="0" hostname="Selenium1" name="AssessFlowtestcases.AddNewResultAreaValue" tests="4" failures="0" timestamp="23 Feb 2021 11:12:44 GMT" time="47.769" errors="0">
  <testcase name="a_HomepageNavigation" time="5.025" classname="AssessFlowtestcases.AddNewResultAreaValue"/>
  <testcase name="b_LoginAssess" time="7.178" classname="AssessFlowtestcases.AddNewResultAreaValue"/>
  <testcase name="c_AddResultAreaValue" time="16.031" classname="AssessFlowtestcases.AddNewResultAreaValue"/>
  <testcase name="d_AddPI" time="19.535" classname="AssessFlowtestcases.AddNewResultAreaValue"/>
</testsuite> <!-- AssessFlowtestcases.AddNewResultAreaValue -->
