<?xml version="1.0" encoding="UTF-8"?>
<!-- Generated by org.testng.reporters.JUnitReportReporter -->
<testsuite skipped="0" hostname="Selenium" name="AssessFlowtestcasesWithHotMail.SendOutEvaluation" tests="4" failures="0" timestamp="17 Aug 2019 11:04:12 GMT" time="148.006" errors="0">
  <testcase name="a_HomepageNavigation" time="12.519" classname="AssessFlowtestcasesWithHotMail.SendOutEvaluation"/>
  <testcase name="b_LoginAssess" time="14.905" classname="AssessFlowtestcasesWithHotMail.SendOutEvaluation"/>
  <testcase name="c_JobTitleEnabled" time="26.975" classname="AssessFlowtestcasesWithHotMail.SendOutEvaluation"/>
  <testcase name="d_Evaluation" time="93.607" classname="AssessFlowtestcasesWithHotMail.SendOutEvaluation"/>
</testsuite> <!-- AssessFlowtestcasesWithHotMail.SendOutEvaluation -->
