<?xml version="1.0" encoding="UTF-8"?>
<!-- Generated by org.testng.reporters.JUnitReportReporter -->
<testsuite skipped="0" hostname="Selenium1" name="AssessFlowtestcases.signUP" tests="4" failures="0" timestamp="15 Feb 2021 13:25:28 GMT" time="90.443" errors="0">
  <testcase name="a_HomepageNavigation" time="9.584" classname="AssessFlowtestcases.signUP"/>
  <testcase name="b_signUp" time="27.396" classname="AssessFlowtestcases.signUP"/>
  <testcase name="c_mailClick" time="16.325" classname="AssessFlowtestcases.signUP"/>
  <testcase name="d_AssessMailClick" time="37.138" classname="AssessFlowtestcases.signUP"/>
</testsuite> <!-- AssessFlowtestcases.signUP -->
