<?xml version="1.0" encoding="UTF-8"?>
<!-- Generated by org.testng.reporters.JUnitReportReporter -->
<testsuite skipped="0" hostname="Selenium" name="testcases.deletePerson" tests="3" failures="0" timestamp="03 Jul 2019 13:31:58 GMT" time="309.826" errors="0">
  <testcase name="a_HomepageNavigation" time="14.391" classname="testcases.deletePerson"/>
  <testcase name="b_LoginAssess" time="9.600" classname="testcases.deletePerson"/>
  <testcase name="c_DeletePerson" time="285.835" classname="testcases.deletePerson"/>
</testsuite> <!-- testcases.deletePerson -->
