<?xml version="1.0" encoding="UTF-8"?>
<!-- Generated by org.testng.reporters.JUnitReportReporter -->
<testsuite skipped="0" hostname="Selenium" name="testcases.AddResultAreaValue" tests="6" failures="0" timestamp="05 Jul 2019 10:19:46 GMT" time="115.668" errors="0">
  <testcase name="a_HomepageNavigation" time="10.759" classname="testcases.AddResultAreaValue"/>
  <testcase name="b_LoginAssess" time="9.187" classname="testcases.AddResultAreaValue"/>
  <testcase name="c_AddResultAreaValue" time="24.087" classname="testcases.AddResultAreaValue"/>
  <testcase name="c_AddResultAreaValue" time="24.673" classname="testcases.AddResultAreaValue"/>
  <testcase name="c_AddResultAreaValue" time="23.517" classname="testcases.AddResultAreaValue"/>
  <testcase name="c_AddResultAreaValue" time="23.445" classname="testcases.AddResultAreaValue"/>
</testsuite> <!-- testcases.AddResultAreaValue -->
