<?xml version="1.0" encoding="UTF-8"?>
<!-- Generated by org.testng.reporters.JUnitReportReporter -->
<testsuite skipped="0" hostname="Selenium1" name="AssessFlowtestcases.IntegrationWithBaseCamp" tests="3" failures="0" timestamp="23 Feb 2021 11:12:44 GMT" time="36.518" errors="0">
  <testcase name="a_HomepageNavigation" time="2.810" classname="AssessFlowtestcases.IntegrationWithBaseCamp"/>
  <testcase name="c_IntegrationBaseCamp" time="28.829" classname="AssessFlowtestcases.IntegrationWithBaseCamp"/>
  <testcase name="b_LoginAssess" time="4.879" classname="AssessFlowtestcases.IntegrationWithBaseCamp"/>
</testsuite> <!-- AssessFlowtestcases.IntegrationWithBaseCamp -->
