<?xml version="1.0" encoding="UTF-8"?>
<!-- Generated by org.testng.reporters.JUnitReportReporter -->
<testsuite skipped="0" hostname="Selenium" name="testcases.testValidation" tests="3" failures="0" timestamp="28 Jun 2019 12:04:13 GMT" time="78.717" errors="0">
  <testcase name="a_HomepageNavigation" time="17.217" classname="testcases.testValidation"/>
  <testcase name="b_LoginAssess" time="14.360" classname="testcases.testValidation"/>
  <testcase name="c_AddPeople" time="47.140" classname="testcases.testValidation"/>
</testsuite> <!-- testcases.testValidation -->
